Log file open, 01/10/24 19:46:07
LogWindows: Failed to load 'aqProf.dll' (GetLastError=126)
LogWindows: File 'aqProf.dll' does not exist
LogWindows: Failed to load 'VtuneApi.dll' (GetLastError=126)
LogWindows: File 'VtuneApi.dll' does not exist
LogWindows: Failed to load 'VtuneApi32e.dll' (GetLastError=126)
LogWindows: File 'VtuneApi32e.dll' does not exist
LogPlatformFile: Not using cached read wrapper
LogTaskGraph: Started task graph with 4 named threads and 14 total threads with 1 sets of task threads.
LogWindows: Failed to load '../../../Engine/Binaries/ThirdParty/DbgHelp/dbghelp.dll' (GetLastError=126)
LogWindows: File '../../../Engine/Binaries/ThirdParty/DbgHelp/dbghelp.dll' does not exist
LogInit: Display: Loading text-based GConfig....
LogPluginManager: Mounting plugin OodleData
LogInit: Build: ++UE4+Release-4.27-CL-18319896
LogInit: Engine Version: 4.27.2-18319896+++UE4+Release-4.27
LogInit: Compatible Engine Version: 4.27.0-17155196+++UE4+Release-4.27
LogInit: Net CL: 17155196
LogInit: OS: Windows 10 (Release 2009) (), CPU: AMD Ryzen 5 5600 6-Core Processor              , GPU: NVIDIA GeForce RTX 3070
LogInit: Compiled (64-bit): Nov 30 2021 08:06:29
LogInit: Compiled with Visual C++: 19.24.28315.00
LogInit: Build Configuration: Development
LogInit: Branch Name: ++UE4+Release-4.27
LogInit: Command Line: "C:\Users\Noah\Downloads\Free Cam\pakchunk5400-EGS.pak" -extract ../../../../Unpaked/pakchunk5400-EGS -extracttomountpoint
LogInit: Base Directory: E:/UnrealPak/Resources/Engine/Binaries/Win64/
LogInit: Allocator: TBB
LogInit: Installed Engine Build: 0
LogDevObjectVersion: Number of dev versions registered: 29
LogDevObjectVersion:   Dev-Blueprints (B0D832E4-1F89-4F0D-ACCF-7EB736FD4AA2): 10
LogDevObjectVersion:   Dev-Build (E1C64328-A22C-4D53-A36C-8E866417BD8C): 0
LogDevObjectVersion:   Dev-Core (375EC13C-06E4-48FB-B500-84F0262A717E): 4
LogDevObjectVersion:   Dev-Editor (E4B068ED-F494-42E9-A231-DA0B2E46BB41): 40
LogDevObjectVersion:   Dev-Framework (CFFC743F-43B0-4480-9391-14DF171D2073): 37
LogDevObjectVersion:   Dev-Mobile (B02B49B5-BB20-44E9-A304-32B752E40360): 3
LogDevObjectVersion:   Dev-Networking (A4E4105C-59A1-49B5-A7C5-40C4547EDFEE): 0
LogDevObjectVersion:   Dev-Online (39C831C9-5AE6-47DC-9A44-9C173E1C8E7C): 0
LogDevObjectVersion:   Dev-Physics (78F01B33-EBEA-4F98-B9B4-84EACCB95AA2): 14
LogDevObjectVersion:   Dev-Platform (6631380F-2D4D-43E0-8009-CF276956A95A): 0
LogDevObjectVersion:   Dev-Rendering (12F88B9F-8875-4AFC-A67C-D90C383ABD29): 45
LogDevObjectVersion:   Dev-Sequencer (7B5AE74C-D270-4C10-A958-57980B212A5A): 13
LogDevObjectVersion:   Dev-VR (D7296918-1DD6-4BDD-9DE2-64A83CC13884): 3
LogDevObjectVersion:   Dev-LoadTimes (C2A15278-BFE7-4AFE-6C17-90FF531DF755): 1
LogDevObjectVersion:   Private-Geometry (6EACA3D4-40EC-4CC1-B786-8BED09428FC5): 3
LogDevObjectVersion:   Dev-AnimPhys (29E575DD-E0A3-4627-9D10-D276232CDCEA): 17
LogDevObjectVersion:   Dev-Anim (AF43A65D-7FD3-4947-9873-3E8ED9C1BB05): 15
LogDevObjectVersion:   Dev-ReflectionCapture (6B266CEC-1EC7-4B8F-A30B-E4D90942FC07): 1
LogDevObjectVersion:   Dev-Automation (0DF73D61-A23F-47EA-B727-89E90C41499A): 1
LogDevObjectVersion:   FortniteMain (601D1886-AC64-4F84-AA16-D3DE0DEAC7D6): 47
LogDevObjectVersion:   FortniteRelease (E7086368-6B23-4C58-8439-1B7016265E91): 1
LogDevObjectVersion:   Dev-Enterprise (9DFFBCD6-494F-0158-E221-12823C92A888): 10
LogDevObjectVersion:   Dev-Niagara (F2AED0AC-9AFE-416F-8664-AA7FFA26D6FC): 1
LogDevObjectVersion:   Dev-Destruction (174F1F0B-B4C6-45A5-B13F-2EE8D0FB917D): 10
LogDevObjectVersion:   Dev-Physics-Ext (35F94A83-E258-406C-A318-09F59610247C): 41
LogDevObjectVersion:   Dev-PhysicsMaterial-Chaos (B68FC16E-8B1B-42E2-B453-215C058844FE): 1
LogDevObjectVersion:   Dev-CineCamera (B2E18506-4273-CFC2-A54E-F4BB758BBA07): 1
LogDevObjectVersion:   Dev-VirtualProduction (64F58936-FD1B-42BA-BA96-7289D5D0FA4E): 1
LogDevObjectVersion:   Dev-MediaFramework (6F0ED827-A609-4895-9C91-998D90180EA4): 2
LogConfig: Applying CVar settings from Section [Startup] File [../../../Engine/Config/ConsoleVariables.ini]
LogConfig: Applying CVar settings from Section [ConsoleVariables] File [../../../Engine/Programs/UnrealPak/Saved/Config/Windows/Engine.ini]
LogInit: Computer: DESKTOP-D1R8L0Q
LogInit: User: smirkzyy
LogInit: CPU Page size=4096, Cores=6
LogInit: High frequency timer resolution =10.000000 MHz
LogMemory: Memory total: Physical=31.9GB (32GB approx)
LogMemory: Platform Memory Stats for Windows
LogMemory: Process Physical Memory: 16.96 MB used, 16.96 MB peak
LogMemory: Process Virtual Memory: 52.18 MB used, 52.18 MB peak
LogMemory: Physical Memory: 6772.03 MB used,  25916.48 MB free, 32688.51 MB total
LogMemory: Virtual Memory: 134192312.00 MB used,  25414.32 MB free, 134217728.00 MB total
LogPaths: Warning: No paths for game localization data were specifed in the game configuration.
LogInit: Using OS detected language ().
LogInit: Using OS detected locale ().
LogInit: Warning: No paths for engine localization data were specifed in the engine configuration.
LogTextLocalizationManager: No localization for '' exists, so 'en' will be used for the language.
LogTextLocalizationManager: No localization for '' exists, so 'en' will be used for the locale.
LogInit: Using OS detected language ().
LogInit: Using OS detected locale ().
LogTextLocalizationManager: No localization for '' exists, so 'en' will be used for the language.
LogTextLocalizationManager: No localization for '' exists, so 'en' will be used for the locale.
LogTextLocalizationManager: Compacting localization data took   1.10ms
LogPakFile: Display: Using command line for crypto configuration
LogPakFile: Display: Extracted "Camera/APlayersUtil.uasset" to "../../../../Unpaked/pakchunk5400-EGS/DeadByDaylight/Content/Camera/APlayersUtil.uasset" Offset 0.
LogPakFile: Display: Extracted "Camera/APlayersUtil.uexp" to "../../../../Unpaked/pakchunk5400-EGS/DeadByDaylight/Content/Camera/APlayersUtil.uexp" Offset 740.
LogPakFile: Display: Extracted "Camera/Camera.uasset" to "../../../../Unpaked/pakchunk5400-EGS/DeadByDaylight/Content/Camera/Camera.uasset" Offset 999.
LogPakFile: Display: Extracted "Camera/Camera.uexp" to "../../../../Unpaked/pakchunk5400-EGS/DeadByDaylight/Content/Camera/Camera.uexp" Offset 6755.
LogPakFile: Display: Extracted "Camera/Main.uasset" to "../../../../Unpaked/pakchunk5400-EGS/DeadByDaylight/Content/Camera/Main.uasset" Offset 15932.
LogPakFile: Display: Extracted "Camera/Main.uexp" to "../../../../Unpaked/pakchunk5400-EGS/DeadByDaylight/Content/Camera/Main.uexp" Offset 21285.
LogPakFile: Display: Extracted "Camera/SettingBase.uasset" to "../../../../Unpaked/pakchunk5400-EGS/DeadByDaylight/Content/Camera/SettingBase.uasset" Offset 25207.
LogPakFile: Display: Extracted "Camera/SettingBase.uexp" to "../../../../Unpaked/pakchunk5400-EGS/DeadByDaylight/Content/Camera/SettingBase.uexp" Offset 30312.
LogPakFile: Display: Extracted "Camera/SettingCategory.uasset" to "../../../../Unpaked/pakchunk5400-EGS/DeadByDaylight/Content/Camera/SettingCategory.uasset" Offset 33405.
LogPakFile: Display: Extracted "Camera/SettingCategory.uexp" to "../../../../Unpaked/pakchunk5400-EGS/DeadByDaylight/Content/Camera/SettingCategory.uexp" Offset 37175.
LogPakFile: Display: Extracted "Camera/Settings.uasset" to "../../../../Unpaked/pakchunk5400-EGS/DeadByDaylight/Content/Camera/Settings.uasset" Offset 38922.
LogPakFile: Display: Extracted "Camera/Settings.uexp" to "../../../../Unpaked/pakchunk5400-EGS/DeadByDaylight/Content/Camera/Settings.uexp" Offset 47862.
LogPakFile: Display: Extracted "Camera/SettingsSave.uasset" to "../../../../Unpaked/pakchunk5400-EGS/DeadByDaylight/Content/Camera/SettingsSave.uasset" Offset 54830.
LogPakFile: Display: Extracted "Camera/SettingsSave.uexp" to "../../../../Unpaked/pakchunk5400-EGS/DeadByDaylight/Content/Camera/SettingsSave.uexp" Offset 55736.
LogPakFile: Display: Extracted "Camera/SettingsSaveStruct.uasset" to "../../../../Unpaked/pakchunk5400-EGS/DeadByDaylight/Content/Camera/SettingsSaveStruct.uasset" Offset 56389.
LogPakFile: Display: Extracted "Camera/SettingsSaveStruct.uexp" to "../../../../Unpaked/pakchunk5400-EGS/DeadByDaylight/Content/Camera/SettingsSaveStruct.uexp" Offset 57187.
LogPakFile: Display: Extracted "Camera/SettingStruct.uasset" to "../../../../Unpaked/pakchunk5400-EGS/DeadByDaylight/Content/Camera/SettingStruct.uasset" Offset 57843.
LogPakFile: Display: Extracted "Camera/SettingStruct.uexp" to "../../../../Unpaked/pakchunk5400-EGS/DeadByDaylight/Content/Camera/SettingStruct.uexp" Offset 58544.
LogPakFile: Display: Extracted "Camera/Util.uasset" to "../../../../Unpaked/pakchunk5400-EGS/DeadByDaylight/Content/Camera/Util.uasset" Offset 58758.
LogPakFile: Display: Extracted "Camera/Util.uexp" to "../../../../Unpaked/pakchunk5400-EGS/DeadByDaylight/Content/Camera/Util.uexp" Offset 59498.
LogPakFile: Display: Extracted "Camera/Greenscreen/full.uasset" to "../../../../Unpaked/pakchunk5400-EGS/DeadByDaylight/Content/Camera/Greenscreen/full.uasset" Offset 10407.
LogPakFile: Display: Extracted "Camera/Greenscreen/full.uexp" to "../../../../Unpaked/pakchunk5400-EGS/DeadByDaylight/Content/Camera/Greenscreen/full.uexp" Offset 10918.
LogPakFile: Display: Extracted "Camera/Greenscreen/green.uasset" to "../../../../Unpaked/pakchunk5400-EGS/DeadByDaylight/Content/Camera/Greenscreen/green.uasset" Offset 11098.
LogPakFile: Display: Extracted "Camera/Greenscreen/green.uexp" to "../../../../Unpaked/pakchunk5400-EGS/DeadByDaylight/Content/Camera/Greenscreen/green.uexp" Offset 11608.
LogPakFile: Display: Extracted "Camera/Greenscreen/MI_Greenscreen.uasset" to "../../../../Unpaked/pakchunk5400-EGS/DeadByDaylight/Content/Camera/Greenscreen/MI_Greenscreen.uasset" Offset 11788.
LogPakFile: Display: Extracted "Camera/Greenscreen/MI_Greenscreen.uexp" to "../../../../Unpaked/pakchunk5400-EGS/DeadByDaylight/Content/Camera/Greenscreen/MI_Greenscreen.uexp" Offset 13555.
LogPakFile: Display: Extracted "Camera/Greenscreen/N.uasset" to "../../../../Unpaked/pakchunk5400-EGS/DeadByDaylight/Content/Camera/Greenscreen/N.uasset" Offset 14394.
LogPakFile: Display: Extracted "Camera/Greenscreen/N.uexp" to "../../../../Unpaked/pakchunk5400-EGS/DeadByDaylight/Content/Camera/Greenscreen/N.uexp" Offset 15037.
LogPakFile: Display: Extracted "Camera/Greenscreen/ORM.uasset" to "../../../../Unpaked/pakchunk5400-EGS/DeadByDaylight/Content/Camera/Greenscreen/ORM.uasset" Offset 15241.
LogPakFile: Display: Extracted "Camera/Greenscreen/ORM.uexp" to "../../../../Unpaked/pakchunk5400-EGS/DeadByDaylight/Content/Camera/Greenscreen/ORM.uexp" Offset 15753.
LogPakFile: Display: Extracted "Camera/ValueTypes/BooleanValueType.uasset" to "../../../../Unpaked/pakchunk5400-EGS/DeadByDaylight/Content/Camera/ValueTypes/BooleanValueType.uasset" Offset 59757.
LogPakFile: Display: Extracted "Camera/ValueTypes/BooleanValueType.uexp" to "../../../../Unpaked/pakchunk5400-EGS/DeadByDaylight/Content/Camera/ValueTypes/BooleanValueType.uexp" Offset 62105.
LogPakFile: Display: Extracted "Camera/ValueTypes/FloatValueType.uasset" to "../../../../Unpaked/pakchunk5400-EGS/DeadByDaylight/Content/Camera/ValueTypes/FloatValueType.uasset" Offset 63006.
LogPakFile: Display: Extracted "Camera/ValueTypes/FloatValueType.uexp" to "../../../../Unpaked/pakchunk5400-EGS/DeadByDaylight/Content/Camera/ValueTypes/FloatValueType.uexp" Offset 66118.
LogPakFile: Display: Extracted "Camera/ValueTypes/IntegerValueType.uasset" to "../../../../Unpaked/pakchunk5400-EGS/DeadByDaylight/Content/Camera/ValueTypes/IntegerValueType.uasset" Offset 67442.
LogPakFile: Display: Extracted "Camera/ValueTypes/IntegerValueType.uexp" to "../../../../Unpaked/pakchunk5400-EGS/DeadByDaylight/Content/Camera/ValueTypes/IntegerValueType.uexp" Offset 70626.
LogPakFile: Display: Extracted "Camera/ValueTypes/KeybindValueType.uasset" to "../../../../Unpaked/pakchunk5400-EGS/DeadByDaylight/Content/Camera/ValueTypes/KeybindValueType.uasset" Offset 71953.
LogPakFile: Display: Extracted "Camera/ValueTypes/KeybindValueType.uexp" to "../../../../Unpaked/pakchunk5400-EGS/DeadByDaylight/Content/Camera/ValueTypes/KeybindValueType.uexp" Offset 74128.
LogPakFile: Display: Extracted "Camera/ValueTypes/SettingValueTypes.uasset" to "../../../../Unpaked/pakchunk5400-EGS/DeadByDaylight/Content/Camera/ValueTypes/SettingValueTypes.uasset" Offset 74882.
LogPakFile: Display: Extracted "Camera/ValueTypes/SettingValueTypes.uexp" to "../../../../Unpaked/pakchunk5400-EGS/DeadByDaylight/Content/Camera/ValueTypes/SettingValueTypes.uexp" Offset 75450.
LogPakFile: Display: Extracted "Camera/ValueTypes/ValueTypeInterface.uasset" to "../../../../Unpaked/pakchunk5400-EGS/DeadByDaylight/Content/Camera/ValueTypes/ValueTypeInterface.uasset" Offset 75781.
LogPakFile: Display: Extracted "Camera/ValueTypes/ValueTypeInterface.uexp" to "../../../../Unpaked/pakchunk5400-EGS/DeadByDaylight/Content/Camera/ValueTypes/ValueTypeInterface.uexp" Offset 76459.
LogPakFile: Display: Extracted "HorologiumMods/StartScreen/BP_HorologiumMod_10.uasset" to "../../../../Unpaked/pakchunk5400-EGS/DeadByDaylight/Content/HorologiumMods/StartScreen/BP_HorologiumMod_10.uasset" Offset 76634.
LogPakFile: Display: Extracted "HorologiumMods/StartScreen/BP_HorologiumMod_10.uexp" to "../../../../Unpaked/pakchunk5400-EGS/DeadByDaylight/Content/HorologiumMods/StartScreen/BP_HorologiumMod_10.uexp" Offset 78009.
LogPakFile: Finished extracting 44 (including 0 errors).
LogPakFile: Display: Unreal pak executed in 0.025494 seconds
LogCore: Engine exit requested (reason: UnrealPak Exiting)
LogExit: Preparing to exit.
LogModuleManager: Shutting down and abandoning module OodleDataCompressionFormat (6)
LogModuleManager: Shutting down and abandoning module PakFile (4)
LogModuleManager: Shutting down and abandoning module RSA (3)
LogExit: Exiting.
Log file closed, 01/10/24 19:46:07
